2023-12-23T12:22:13.860+09:00  INFO 1002 --- [main] c.g.g.GoormfriendsApplication            : Starting GoormfriendsApplication using Java 21.0.1 with PID 1002 (/Users/goorm/Desktop/PJT/goorm_friends/IDE-backend/backend/build/classes/java/main started by goorm in /Users/goorm/Desktop/PJT/goorm_friends/IDE-backend)
2023-12-23T12:22:13.864+09:00  INFO 1002 --- [main] c.g.g.GoormfriendsApplication            : No active profile set, falling back to 1 default profile: "default"
2023-12-23T12:22:14.256+09:00  INFO 1002 --- [main] .s.d.r.c.RepositoryConfigurationDelegate : Bootstrapping Spring Data JPA repositories in DEFAULT mode.
2023-12-23T12:22:14.304+09:00  INFO 1002 --- [main] .s.d.r.c.RepositoryConfigurationDelegate : Finished Spring Data repository scanning in 44 ms. Found 7 JPA repository interfaces.
2023-12-23T12:22:14.613+09:00  INFO 1002 --- [main] o.s.b.w.embedded.tomcat.TomcatWebServer  : Tomcat initialized with port 8081 (http)
2023-12-23T12:22:14.619+09:00  INFO 1002 --- [main] o.apache.catalina.core.StandardService   : Starting service [Tomcat]
2023-12-23T12:22:14.619+09:00  INFO 1002 --- [main] o.apache.catalina.core.StandardEngine    : Starting Servlet engine: [Apache Tomcat/10.1.16]
2023-12-23T12:22:14.696+09:00  INFO 1002 --- [main] o.a.c.c.C.[Tomcat].[localhost].[/]       : Initializing Spring embedded WebApplicationContext
2023-12-23T12:22:14.696+09:00  INFO 1002 --- [main] w.s.c.ServletWebServerApplicationContext : Root WebApplicationContext: initialization completed in 807 ms
2023-12-23T12:22:14.751+09:00  INFO 1002 --- [main] com.zaxxer.hikari.HikariDataSource       : HikariPool-1 - Starting...
2023-12-23T12:22:15.004+09:00  INFO 1002 --- [main] com.zaxxer.hikari.pool.HikariPool        : HikariPool-1 - Added connection com.mysql.cj.jdbc.ConnectionImpl@46c10083
2023-12-23T12:22:15.005+09:00  INFO 1002 --- [main] com.zaxxer.hikari.HikariDataSource       : HikariPool-1 - Start completed.
2023-12-23T12:22:15.058+09:00  INFO 1002 --- [main] o.hibernate.jpa.internal.util.LogHelper  : HHH000204: Processing PersistenceUnitInfo [name: default]
2023-12-23T12:22:15.090+09:00  INFO 1002 --- [main] org.hibernate.Version                    : HHH000412: Hibernate ORM core version 6.3.1.Final
2023-12-23T12:22:15.107+09:00  INFO 1002 --- [main] o.h.c.internal.RegionFactoryInitiator    : HHH000026: Second-level cache disabled
2023-12-23T12:22:15.230+09:00  INFO 1002 --- [main] o.s.o.j.p.SpringPersistenceUnitInfo      : No LoadTimeWeaver setup: ignoring JPA class transformer
2023-12-23T12:22:15.843+09:00  INFO 1002 --- [main] o.h.e.t.j.p.i.JtaPlatformInitiator       : HHH000489: No JTA platform available (set 'hibernate.transaction.jta.platform' to enable JTA platform integration)
2023-12-23T12:22:15.958+09:00  INFO 1002 --- [main] j.LocalContainerEntityManagerFactoryBean : Initialized JPA EntityManagerFactory for persistence unit 'default'
2023-12-23T12:22:16.162+09:00  INFO 1002 --- [main] o.s.d.j.r.query.QueryEnhancerFactory     : Hibernate is in classpath; If applicable, HQL parser will be used.
2023-12-23T12:22:16.438+09:00 TRACE 1002 --- [main] c.g.g.api.compiler.service.IdeCompiler   : Initializing IdeCompiler.
2023-12-23T12:22:16.469+09:00 TRACE 1002 --- [main] c.g.g.api.compiler.service.IdeCompiler   : IdeCompiler initialized successfully.
2023-12-23T12:22:16.691+09:00  INFO 1002 --- [main] o.s.s.web.DefaultSecurityFilterChain     : Will secure any request with [org.springframework.security.web.session.DisableEncodeUrlFilter@7ddd5715, org.springframework.security.web.context.request.async.WebAsyncManagerIntegrationFilter@d88d9d7, org.springframework.security.web.context.SecurityContextHolderFilter@2408ca4c, org.springframework.security.web.header.HeaderWriterFilter@5d3c0735, org.springframework.web.filter.CorsFilter@54c15e, org.springframework.security.web.authentication.logout.LogoutFilter@2a45c6f0, org.springframework.security.oauth2.client.web.OAuth2AuthorizationRequestRedirectFilter@512319dc, org.springframework.security.oauth2.client.web.OAuth2LoginAuthenticationFilter@6a434cdd, com.goorm.goormfriends.filter.JwtFilter@5d38758a, org.springframework.security.web.savedrequest.RequestCacheAwareFilter@5f745970, org.springframework.security.web.servletapi.SecurityContextHolderAwareRequestFilter@57cd77e1, org.springframework.security.web.authentication.AnonymousAuthenticationFilter@4acae4c7, org.springframework.security.web.session.SessionManagementFilter@11034fdb, org.springframework.security.web.access.ExceptionTranslationFilter@1bce19db, org.springframework.security.web.access.intercept.AuthorizationFilter@6773c073]
2023-12-23T12:22:16.859+09:00  INFO 1002 --- [main] o.s.b.w.embedded.tomcat.TomcatWebServer  : Tomcat started on port 8081 (http) with context path ''
2023-12-23T12:22:16.865+09:00  INFO 1002 --- [main] c.g.g.GoormfriendsApplication            : Started GoormfriendsApplication in 3.245 seconds (process running for 3.487)
2023-12-23T12:22:37.909+09:00  INFO 1002 --- [http-nio-8081-exec-1] o.a.c.c.C.[Tomcat].[localhost].[/]       : Initializing Spring DispatcherServlet 'dispatcherServlet'
2023-12-23T12:22:37.909+09:00  INFO 1002 --- [http-nio-8081-exec-1] o.s.web.servlet.DispatcherServlet        : Initializing Servlet 'dispatcherServlet'
2023-12-23T12:22:37.910+09:00  INFO 1002 --- [http-nio-8081-exec-1] o.s.web.servlet.DispatcherServlet        : Completed initialization in 1 ms
2023-12-23T12:23:29.054+09:00  WARN 1002 --- [http-nio-8081-exec-5] c.g.g.common.jwt.TokenProvider           : 만료된 JWT 토큰입니다.
2023-12-23T12:23:34.647+09:00  WARN 1002 --- [http-nio-8081-exec-8] c.g.g.common.jwt.TokenProvider           : 만료된 JWT 토큰입니다.
2023-12-23T12:23:59.970+09:00  WARN 1002 --- [http-nio-8081-exec-10] c.g.g.common.jwt.TokenProvider           : 만료된 JWT 토큰입니다.
2023-12-23T12:50:55.054+09:00  INFO 1002 --- [SpringApplicationShutdownHook] j.LocalContainerEntityManagerFactoryBean : Closing JPA EntityManagerFactory for persistence unit 'default'
2023-12-23T12:50:55.055+09:00  INFO 1002 --- [SpringApplicationShutdownHook] com.zaxxer.hikari.HikariDataSource       : HikariPool-1 - Shutdown initiated...
2023-12-23T12:50:55.058+09:00  INFO 1002 --- [SpringApplicationShutdownHook] com.zaxxer.hikari.HikariDataSource       : HikariPool-1 - Shutdown completed.
2023-12-23T19:03:15.531+09:00  INFO 26982 --- [main] c.g.g.GoormfriendsApplication            : Starting GoormfriendsApplication using Java 21.0.1 with PID 26982 (/Users/goorm/Desktop/PJT/goorm_friends/IDE-backend/backend/out/production/classes started by goorm in /Users/goorm/Desktop/PJT/goorm_friends/IDE-backend)
2023-12-23T19:03:15.532+09:00  INFO 26982 --- [main] c.g.g.GoormfriendsApplication            : No active profile set, falling back to 1 default profile: "default"
2023-12-23T19:03:15.843+09:00  INFO 26982 --- [main] .s.d.r.c.RepositoryConfigurationDelegate : Multiple Spring Data modules found, entering strict repository configuration mode
2023-12-23T19:03:15.844+09:00  INFO 26982 --- [main] .s.d.r.c.RepositoryConfigurationDelegate : Bootstrapping Spring Data JPA repositories in DEFAULT mode.
2023-12-23T19:03:15.915+09:00  INFO 26982 --- [main] .s.d.r.c.RepositoryConfigurationDelegate : Finished Spring Data repository scanning in 67 ms. Found 7 JPA repository interfaces.
2023-12-23T19:03:15.925+09:00  INFO 26982 --- [main] .s.d.r.c.RepositoryConfigurationDelegate : Multiple Spring Data modules found, entering strict repository configuration mode
2023-12-23T19:03:15.926+09:00  INFO 26982 --- [main] .s.d.r.c.RepositoryConfigurationDelegate : Bootstrapping Spring Data Redis repositories in DEFAULT mode.
2023-12-23T19:03:15.933+09:00  INFO 26982 --- [main] .RepositoryConfigurationExtensionSupport : Spring Data Redis - Could not safely identify store assignment for repository candidate interface com.goorm.goormfriends.db.repository.CustomDirectoryProblemRepository; If you want this repository to be a Redis repository, consider annotating your entities with one of these annotations: org.springframework.data.redis.core.RedisHash (preferred), or consider extending one of the following types with your repository: org.springframework.data.keyvalue.repository.KeyValueRepository
2023-12-23T19:03:15.934+09:00  INFO 26982 --- [main] .RepositoryConfigurationExtensionSupport : Spring Data Redis - Could not safely identify store assignment for repository candidate interface com.goorm.goormfriends.db.repository.CustomDirectoryRepository; If you want this repository to be a Redis repository, consider annotating your entities with one of these annotations: org.springframework.data.redis.core.RedisHash (preferred), or consider extending one of the following types with your repository: org.springframework.data.keyvalue.repository.KeyValueRepository
2023-12-23T19:03:15.934+09:00  INFO 26982 --- [main] .RepositoryConfigurationExtensionSupport : Spring Data Redis - Could not safely identify store assignment for repository candidate interface com.goorm.goormfriends.db.repository.IdeRepository; If you want this repository to be a Redis repository, consider annotating your entities with one of these annotations: org.springframework.data.redis.core.RedisHash (preferred), or consider extending one of the following types with your repository: org.springframework.data.keyvalue.repository.KeyValueRepository
2023-12-23T19:03:15.934+09:00  INFO 26982 --- [main] .RepositoryConfigurationExtensionSupport : Spring Data Redis - Could not safely identify store assignment for repository candidate interface com.goorm.goormfriends.db.repository.ProblemRepository; If you want this repository to be a Redis repository, consider annotating your entities with one of these annotations: org.springframework.data.redis.core.RedisHash (preferred), or consider extending one of the following types with your repository: org.springframework.data.keyvalue.repository.KeyValueRepository
2023-12-23T19:03:15.934+09:00  INFO 26982 --- [main] .RepositoryConfigurationExtensionSupport : Spring Data Redis - Could not safely identify store assignment for repository candidate interface com.goorm.goormfriends.db.repository.ProblemTestCaseRepository; If you want this repository to be a Redis repository, consider annotating your entities with one of these annotations: org.springframework.data.redis.core.RedisHash (preferred), or consider extending one of the following types with your repository: org.springframework.data.keyvalue.repository.KeyValueRepository
2023-12-23T19:03:15.934+09:00  INFO 26982 --- [main] .RepositoryConfigurationExtensionSupport : Spring Data Redis - Could not safely identify store assignment for repository candidate interface com.goorm.goormfriends.db.repository.RefreshTokenRepository; If you want this repository to be a Redis repository, consider annotating your entities with one of these annotations: org.springframework.data.redis.core.RedisHash (preferred), or consider extending one of the following types with your repository: org.springframework.data.keyvalue.repository.KeyValueRepository
2023-12-23T19:03:15.934+09:00  INFO 26982 --- [main] .RepositoryConfigurationExtensionSupport : Spring Data Redis - Could not safely identify store assignment for repository candidate interface com.goorm.goormfriends.db.repository.UserRepository; If you want this repository to be a Redis repository, consider annotating your entities with one of these annotations: org.springframework.data.redis.core.RedisHash (preferred), or consider extending one of the following types with your repository: org.springframework.data.keyvalue.repository.KeyValueRepository
2023-12-23T19:03:15.934+09:00  INFO 26982 --- [main] .s.d.r.c.RepositoryConfigurationDelegate : Finished Spring Data repository scanning in 5 ms. Found 0 Redis repository interfaces.
2023-12-23T19:03:16.186+09:00  INFO 26982 --- [main] o.s.b.w.embedded.tomcat.TomcatWebServer  : Tomcat initialized with port 8081 (http)
2023-12-23T19:03:16.196+09:00  INFO 26982 --- [main] o.apache.catalina.core.StandardService   : Starting service [Tomcat]
2023-12-23T19:03:16.197+09:00  INFO 26982 --- [main] o.apache.catalina.core.StandardEngine    : Starting Servlet engine: [Apache Tomcat/10.1.16]
2023-12-23T19:03:16.221+09:00  INFO 26982 --- [main] o.a.c.c.C.[Tomcat].[localhost].[/]       : Initializing Spring embedded WebApplicationContext
2023-12-23T19:03:16.221+09:00  INFO 26982 --- [main] w.s.c.ServletWebServerApplicationContext : Root WebApplicationContext: initialization completed in 673 ms
2023-12-23T19:03:16.265+09:00  INFO 26982 --- [main] com.zaxxer.hikari.HikariDataSource       : HikariPool-1 - Starting...
2023-12-23T19:03:16.452+09:00  INFO 26982 --- [main] com.zaxxer.hikari.pool.HikariPool        : HikariPool-1 - Added connection com.mysql.cj.jdbc.ConnectionImpl@5fb54740
2023-12-23T19:03:16.453+09:00  INFO 26982 --- [main] com.zaxxer.hikari.HikariDataSource       : HikariPool-1 - Start completed.
2023-12-23T19:03:16.492+09:00  INFO 26982 --- [main] o.hibernate.jpa.internal.util.LogHelper  : HHH000204: Processing PersistenceUnitInfo [name: default]
2023-12-23T19:03:16.516+09:00  INFO 26982 --- [main] org.hibernate.Version                    : HHH000412: Hibernate ORM core version 6.3.1.Final
2023-12-23T19:03:16.529+09:00  INFO 26982 --- [main] o.h.c.internal.RegionFactoryInitiator    : HHH000026: Second-level cache disabled
2023-12-23T19:03:16.618+09:00  INFO 26982 --- [main] o.s.o.j.p.SpringPersistenceUnitInfo      : No LoadTimeWeaver setup: ignoring JPA class transformer
2023-12-23T19:03:17.043+09:00  INFO 26982 --- [main] o.h.e.t.j.p.i.JtaPlatformInitiator       : HHH000489: No JTA platform available (set 'hibernate.transaction.jta.platform' to enable JTA platform integration)
2023-12-23T19:03:17.115+09:00  INFO 26982 --- [main] j.LocalContainerEntityManagerFactoryBean : Initialized JPA EntityManagerFactory for persistence unit 'default'
2023-12-23T19:03:17.259+09:00  INFO 26982 --- [main] o.s.d.j.r.query.QueryEnhancerFactory     : Hibernate is in classpath; If applicable, HQL parser will be used.
2023-12-23T19:03:17.467+09:00 TRACE 26982 --- [main] c.g.g.api.compiler.service.IdeCompiler   : Initializing IdeCompiler.
2023-12-23T19:03:17.486+09:00 TRACE 26982 --- [main] c.g.g.api.compiler.service.IdeCompiler   : IdeCompiler initialized successfully.
2023-12-23T19:03:17.664+09:00  INFO 26982 --- [main] o.s.s.web.DefaultSecurityFilterChain     : Will secure any request with [org.springframework.security.web.session.DisableEncodeUrlFilter@2d63534d, org.springframework.security.web.context.request.async.WebAsyncManagerIntegrationFilter@6316b9e3, org.springframework.security.web.context.SecurityContextHolderFilter@1a35343e, org.springframework.security.web.header.HeaderWriterFilter@3d2be0df, org.springframework.web.filter.CorsFilter@186f7553, org.springframework.security.web.authentication.logout.LogoutFilter@7677d320, org.springframework.security.oauth2.client.web.OAuth2AuthorizationRequestRedirectFilter@76e5d5e5, org.springframework.security.oauth2.client.web.OAuth2LoginAuthenticationFilter@251d64d6, com.goorm.goormfriends.filter.JwtFilter@44835de9, org.springframework.security.web.savedrequest.RequestCacheAwareFilter@31a1b37b, org.springframework.security.web.servletapi.SecurityContextHolderAwareRequestFilter@640c2749, org.springframework.security.web.authentication.AnonymousAuthenticationFilter@734d870f, org.springframework.security.web.session.SessionManagementFilter@2cf93603, org.springframework.security.web.access.ExceptionTranslationFilter@126a8548, org.springframework.security.web.access.intercept.AuthorizationFilter@368617cd]
2023-12-23T19:03:17.923+09:00  INFO 26982 --- [main] o.s.b.w.embedded.tomcat.TomcatWebServer  : Tomcat started on port 8081 (http) with context path ''
2023-12-23T19:03:17.927+09:00  INFO 26982 --- [main] c.g.g.GoormfriendsApplication            : Started GoormfriendsApplication in 2.571 seconds (process running for 2.767)
2023-12-23T19:03:25.283+09:00  INFO 26982 --- [http-nio-8081-exec-1] o.a.c.c.C.[Tomcat].[localhost].[/]       : Initializing Spring DispatcherServlet 'dispatcherServlet'
2023-12-23T19:03:25.283+09:00  INFO 26982 --- [http-nio-8081-exec-1] o.s.web.servlet.DispatcherServlet        : Initializing Servlet 'dispatcherServlet'
2023-12-23T19:03:25.284+09:00  INFO 26982 --- [http-nio-8081-exec-1] o.s.web.servlet.DispatcherServlet        : Completed initialization in 1 ms
2023-12-23T19:05:39.154+09:00  INFO 26982 --- [http-nio-8081-exec-9] c.g.g.c.o.PrincipalOauth2UserService     : social login save!
2023-12-23T19:17:08.238+09:00  WARN 26982 --- [http-nio-8081-exec-8] c.g.g.common.jwt.TokenProvider           : 잘못된 JWT 서명입니다.
2023-12-23T19:18:16.973+09:00  WARN 26982 --- [http-nio-8081-exec-2] c.g.g.common.jwt.TokenProvider           : 잘못된 JWT 서명입니다.
2023-12-23T19:21:57.383+09:00  INFO 26982 --- [SpringApplicationShutdownHook] j.LocalContainerEntityManagerFactoryBean : Closing JPA EntityManagerFactory for persistence unit 'default'
2023-12-23T19:21:57.386+09:00  INFO 26982 --- [SpringApplicationShutdownHook] com.zaxxer.hikari.HikariDataSource       : HikariPool-1 - Shutdown initiated...
2023-12-23T19:21:57.391+09:00  INFO 26982 --- [SpringApplicationShutdownHook] com.zaxxer.hikari.HikariDataSource       : HikariPool-1 - Shutdown completed.
2023-12-23T19:21:58.942+09:00  INFO 30445 --- [main] c.g.g.GoormfriendsApplication            : Starting GoormfriendsApplication using Java 21.0.1 with PID 30445 (/Users/goorm/Desktop/PJT/goorm_friends/IDE-backend/backend/out/production/classes started by goorm in /Users/goorm/Desktop/PJT/goorm_friends/IDE-backend)
2023-12-23T19:21:58.943+09:00  INFO 30445 --- [main] c.g.g.GoormfriendsApplication            : No active profile set, falling back to 1 default profile: "default"
2023-12-23T19:21:59.277+09:00  INFO 30445 --- [main] .s.d.r.c.RepositoryConfigurationDelegate : Multiple Spring Data modules found, entering strict repository configuration mode
2023-12-23T19:21:59.277+09:00  INFO 30445 --- [main] .s.d.r.c.RepositoryConfigurationDelegate : Bootstrapping Spring Data JPA repositories in DEFAULT mode.
2023-12-23T19:21:59.348+09:00  INFO 30445 --- [main] .s.d.r.c.RepositoryConfigurationDelegate : Finished Spring Data repository scanning in 68 ms. Found 7 JPA repository interfaces.
2023-12-23T19:21:59.357+09:00  INFO 30445 --- [main] .s.d.r.c.RepositoryConfigurationDelegate : Multiple Spring Data modules found, entering strict repository configuration mode
2023-12-23T19:21:59.358+09:00  INFO 30445 --- [main] .s.d.r.c.RepositoryConfigurationDelegate : Bootstrapping Spring Data Redis repositories in DEFAULT mode.
2023-12-23T19:21:59.365+09:00  INFO 30445 --- [main] .RepositoryConfigurationExtensionSupport : Spring Data Redis - Could not safely identify store assignment for repository candidate interface com.goorm.goormfriends.db.repository.CustomDirectoryProblemRepository; If you want this repository to be a Redis repository, consider annotating your entities with one of these annotations: org.springframework.data.redis.core.RedisHash (preferred), or consider extending one of the following types with your repository: org.springframework.data.keyvalue.repository.KeyValueRepository
2023-12-23T19:21:59.366+09:00  INFO 30445 --- [main] .RepositoryConfigurationExtensionSupport : Spring Data Redis - Could not safely identify store assignment for repository candidate interface com.goorm.goormfriends.db.repository.CustomDirectoryRepository; If you want this repository to be a Redis repository, consider annotating your entities with one of these annotations: org.springframework.data.redis.core.RedisHash (preferred), or consider extending one of the following types with your repository: org.springframework.data.keyvalue.repository.KeyValueRepository
2023-12-23T19:21:59.366+09:00  INFO 30445 --- [main] .RepositoryConfigurationExtensionSupport : Spring Data Redis - Could not safely identify store assignment for repository candidate interface com.goorm.goormfriends.db.repository.IdeRepository; If you want this repository to be a Redis repository, consider annotating your entities with one of these annotations: org.springframework.data.redis.core.RedisHash (preferred), or consider extending one of the following types with your repository: org.springframework.data.keyvalue.repository.KeyValueRepository
2023-12-23T19:21:59.366+09:00  INFO 30445 --- [main] .RepositoryConfigurationExtensionSupport : Spring Data Redis - Could not safely identify store assignment for repository candidate interface com.goorm.goormfriends.db.repository.ProblemRepository; If you want this repository to be a Redis repository, consider annotating your entities with one of these annotations: org.springframework.data.redis.core.RedisHash (preferred), or consider extending one of the following types with your repository: org.springframework.data.keyvalue.repository.KeyValueRepository
2023-12-23T19:21:59.367+09:00  INFO 30445 --- [main] .RepositoryConfigurationExtensionSupport : Spring Data Redis - Could not safely identify store assignment for repository candidate interface com.goorm.goormfriends.db.repository.ProblemTestCaseRepository; If you want this repository to be a Redis repository, consider annotating your entities with one of these annotations: org.springframework.data.redis.core.RedisHash (preferred), or consider extending one of the following types with your repository: org.springframework.data.keyvalue.repository.KeyValueRepository
2023-12-23T19:21:59.367+09:00  INFO 30445 --- [main] .RepositoryConfigurationExtensionSupport : Spring Data Redis - Could not safely identify store assignment for repository candidate interface com.goorm.goormfriends.db.repository.RefreshTokenRepository; If you want this repository to be a Redis repository, consider annotating your entities with one of these annotations: org.springframework.data.redis.core.RedisHash (preferred), or consider extending one of the following types with your repository: org.springframework.data.keyvalue.repository.KeyValueRepository
2023-12-23T19:21:59.367+09:00  INFO 30445 --- [main] .RepositoryConfigurationExtensionSupport : Spring Data Redis - Could not safely identify store assignment for repository candidate interface com.goorm.goormfriends.db.repository.UserRepository; If you want this repository to be a Redis repository, consider annotating your entities with one of these annotations: org.springframework.data.redis.core.RedisHash (preferred), or consider extending one of the following types with your repository: org.springframework.data.keyvalue.repository.KeyValueRepository
2023-12-23T19:21:59.367+09:00  INFO 30445 --- [main] .s.d.r.c.RepositoryConfigurationDelegate : Finished Spring Data repository scanning in 5 ms. Found 0 Redis repository interfaces.
2023-12-23T19:21:59.615+09:00  INFO 30445 --- [main] o.s.b.w.embedded.tomcat.TomcatWebServer  : Tomcat initialized with port 8081 (http)
2023-12-23T19:21:59.619+09:00  INFO 30445 --- [main] o.apache.catalina.core.StandardService   : Starting service [Tomcat]
2023-12-23T19:21:59.620+09:00  INFO 30445 --- [main] o.apache.catalina.core.StandardEngine    : Starting Servlet engine: [Apache Tomcat/10.1.16]
2023-12-23T19:21:59.645+09:00  INFO 30445 --- [main] o.a.c.c.C.[Tomcat].[localhost].[/]       : Initializing Spring embedded WebApplicationContext
2023-12-23T19:21:59.645+09:00  INFO 30445 --- [main] w.s.c.ServletWebServerApplicationContext : Root WebApplicationContext: initialization completed in 685 ms
2023-12-23T19:21:59.690+09:00  INFO 30445 --- [main] com.zaxxer.hikari.HikariDataSource       : HikariPool-1 - Starting...
2023-12-23T19:21:59.855+09:00  INFO 30445 --- [main] com.zaxxer.hikari.pool.HikariPool        : HikariPool-1 - Added connection com.mysql.cj.jdbc.ConnectionImpl@6885ed19
2023-12-23T19:21:59.856+09:00  INFO 30445 --- [main] com.zaxxer.hikari.HikariDataSource       : HikariPool-1 - Start completed.
2023-12-23T19:21:59.899+09:00  INFO 30445 --- [main] o.hibernate.jpa.internal.util.LogHelper  : HHH000204: Processing PersistenceUnitInfo [name: default]
2023-12-23T19:21:59.919+09:00  INFO 30445 --- [main] org.hibernate.Version                    : HHH000412: Hibernate ORM core version 6.3.1.Final
2023-12-23T19:21:59.932+09:00  INFO 30445 --- [main] o.h.c.internal.RegionFactoryInitiator    : HHH000026: Second-level cache disabled
2023-12-23T19:22:00.018+09:00  INFO 30445 --- [main] o.s.o.j.p.SpringPersistenceUnitInfo      : No LoadTimeWeaver setup: ignoring JPA class transformer
2023-12-23T19:22:00.440+09:00  INFO 30445 --- [main] o.h.e.t.j.p.i.JtaPlatformInitiator       : HHH000489: No JTA platform available (set 'hibernate.transaction.jta.platform' to enable JTA platform integration)
2023-12-23T19:22:00.521+09:00  INFO 30445 --- [main] j.LocalContainerEntityManagerFactoryBean : Initialized JPA EntityManagerFactory for persistence unit 'default'
2023-12-23T19:22:00.667+09:00  INFO 30445 --- [main] o.s.d.j.r.query.QueryEnhancerFactory     : Hibernate is in classpath; If applicable, HQL parser will be used.
2023-12-23T19:22:00.872+09:00 TRACE 30445 --- [main] c.g.g.api.compiler.service.IdeCompiler   : Initializing IdeCompiler.
2023-12-23T19:22:00.891+09:00 TRACE 30445 --- [main] c.g.g.api.compiler.service.IdeCompiler   : IdeCompiler initialized successfully.
2023-12-23T19:22:01.065+09:00  INFO 30445 --- [main] o.s.s.web.DefaultSecurityFilterChain     : Will secure any request with [org.springframework.security.web.session.DisableEncodeUrlFilter@44835de9, org.springframework.security.web.context.request.async.WebAsyncManagerIntegrationFilter@734d870f, org.springframework.security.web.context.SecurityContextHolderFilter@640c2749, org.springframework.security.web.header.HeaderWriterFilter@6fe43257, org.springframework.web.filter.CorsFilter@2542e124, org.springframework.security.web.authentication.logout.LogoutFilter@7685912e, org.springframework.security.oauth2.client.web.OAuth2AuthorizationRequestRedirectFilter@1703e50d, org.springframework.security.oauth2.client.web.OAuth2LoginAuthenticationFilter@2d63534d, com.goorm.goormfriends.filter.JwtFilter@4664cd32, org.springframework.security.web.savedrequest.RequestCacheAwareFilter@6285027a, org.springframework.security.web.servletapi.SecurityContextHolderAwareRequestFilter@5e834f3a, org.springframework.security.web.authentication.AnonymousAuthenticationFilter@18d6ac02, org.springframework.security.web.session.SessionManagementFilter@1a35343e, org.springframework.security.web.access.ExceptionTranslationFilter@6affbed1, org.springframework.security.web.access.intercept.AuthorizationFilter@422ab2ff]
2023-12-23T19:22:01.316+09:00  INFO 30445 --- [main] o.s.b.w.embedded.tomcat.TomcatWebServer  : Tomcat started on port 8081 (http) with context path ''
2023-12-23T19:22:01.320+09:00  INFO 30445 --- [main] c.g.g.GoormfriendsApplication            : Started GoormfriendsApplication in 2.585 seconds (process running for 2.757)
2023-12-23T19:23:33.111+09:00  INFO 30445 --- [http-nio-8081-exec-1] o.a.c.c.C.[Tomcat].[localhost].[/]       : Initializing Spring DispatcherServlet 'dispatcherServlet'
2023-12-23T19:23:33.112+09:00  INFO 30445 --- [http-nio-8081-exec-1] o.s.web.servlet.DispatcherServlet        : Initializing Servlet 'dispatcherServlet'
2023-12-23T19:23:33.112+09:00  INFO 30445 --- [http-nio-8081-exec-1] o.s.web.servlet.DispatcherServlet        : Completed initialization in 0 ms
2023-12-23T19:28:55.885+09:00  INFO 30445 --- [SpringApplicationShutdownHook] j.LocalContainerEntityManagerFactoryBean : Closing JPA EntityManagerFactory for persistence unit 'default'
2023-12-23T19:28:55.886+09:00  INFO 30445 --- [SpringApplicationShutdownHook] com.zaxxer.hikari.HikariDataSource       : HikariPool-1 - Shutdown initiated...
2023-12-23T19:28:55.888+09:00  INFO 30445 --- [SpringApplicationShutdownHook] com.zaxxer.hikari.HikariDataSource       : HikariPool-1 - Shutdown completed.
